<?xml version="1.0" encoding="UTF-8"?>
<testsuite xmlns:xsi="http://www.w3.org/2001/XMLSchema-instance" xsi:schemaLocation="https://maven.apache.org/surefire/maven-surefire-plugin/xsd/surefire-test-report.xsd" name="TestSuite" time="1.288" tests="16" errors="0" skipped="0" failures="0">
  <properties>
    <property name="java.vendor" value="Oracle Corporation"/>
    <property name="JOB_NAME" value="JenkinsTest"/>
    <property name="sun.java.launcher" value="SUN_STANDARD"/>
    <property name="NUMBER_OF_PROCESSORS" value="4"/>
    <property name="sun.management.compiler" value="HotSpot 64-Bit Tiered Compilers"/>
    <property name="JENKINS_HOME" value="C:\Users\RajS\.jenkins"/>
    <property name="HUDSON_SERVER_COOKIE" value="af39e14f77a710c5"/>
    <property name="POM_ARTIFACTID" value="MavenDemoProject1"/>
    <property name="os.name" value="Windows 10"/>
    <property name="sun.boot.class.path" value="C:\Program Files\Java\jre1.8.0_171\lib\resources.jar;C:\Program Files\Java\jre1.8.0_171\lib\rt.jar;C:\Program Files\Java\jre1.8.0_171\lib\sunrsasign.jar;C:\Program Files\Java\jre1.8.0_171\lib\jsse.jar;C:\Program Files\Java\jre1.8.0_171\lib\jce.jar;C:\Program Files\Java\jre1.8.0_171\lib\charsets.jar;C:\Program Files\Java\jre1.8.0_171\lib\jfr.jar;C:\Program Files\Java\jre1.8.0_171\classes"/>
    <property name="EXECUTOR_NUMBER" value="0"/>
    <property name="sun.desktop" value="windows"/>
    <property name="PATHEXT" value=".COM;.EXE;.BAT;.CMD;.VBS;.VBE;.JS;.JSE;.WSF;.WSH;.MSC"/>
    <property name="java.vm.specification.vendor" value="Oracle Corporation"/>
    <property name="POM_DISPLAYNAME" value="MavenDemoProject1"/>
    <property name="NODE_LABELS" value="master"/>
    <property name="TEMP" value="C:\WINDOWS\TEMP"/>
    <property name="java.runtime.version" value="1.8.0_171-b11"/>
    <property name="WINSW_SERVICE_ID" value="jenkins"/>
    <property name="user.name" value="DESKTOP-OCA4T00$"/>
    <property name="guice.disable.misplaced.annotation.check" value="true"/>
    <property name="CommonProgramW6432" value="C:\Program Files\Common Files"/>
    <property name="ProgramFiles" value="C:\Program Files"/>
    <property name="user.language" value="en"/>
    <property name="JOB_BASE_NAME" value="JenkinsTest"/>
    <property name="RUN_CHANGES_DISPLAY_URL" value="http://localhost:8080/job/JenkinsTest/15/display/redirect?page=changes"/>
    <property name="BUILD_DISPLAY_NAME" value="#15"/>
    <property name="TMPDIR" value="C:\Users\Public\Documents\Wondershare\CreatorTemp"/>
    <property name="sun.boot.library.path" value="C:\Program Files\Java\jre1.8.0_171\bin"/>
    <property name="LOCALAPPDATA" value="C:\WINDOWS\system32\config\systemprofile\AppData\Local"/>
    <property name="java.version" value="1.8.0_171"/>
    <property name="PROCESSOR_LEVEL" value="6"/>
    <property name="user.timezone" value="Asia/Calcutta"/>
    <property name="USERNAME" value="DESKTOP-OCA4T00$"/>
    <property name="sun.arch.data.model" value="64"/>
    <property name="NODE_NAME" value="master"/>
    <property name="java.endorsed.dirs" value="C:\Program Files\Java\jre1.8.0_171\lib\endorsed"/>
    <property name="BUILD_ID" value="15"/>
    <property name="sun.cpu.isalist" value="amd64"/>
    <property name="sun.jnu.encoding" value="Cp1252"/>
    <property name="file.encoding.pkg" value="sun.io"/>
    <property name="file.separator" value="\"/>
    <property name="java.specification.name" value="Java Platform API Specification"/>
    <property name="maven.conf" value="C:\Users\RajS\.jenkins\tools\hudson.tasks.Maven_MavenInstallation\Test_Maven\conf"/>
    <property name="java.class.version" value="52.0"/>
    <property name="org.slf4j.simpleLogger.defaultLogLevel" value="info"/>
    <property name="user.country" value="US"/>
    <property name="ALLUSERSPROFILE" value="C:\ProgramData"/>
    <property name="java.home" value="C:\Program Files\Java\jre1.8.0_171"/>
    <property name="PLMVIS_82_LIBPATH" value="C:\Program Files (x86)\SAP\FrontEnd\SAPgui\Program"/>
    <property name="java.vm.info" value="mixed mode"/>
    <property name="os.version" value="10.0"/>
    <property name="RUN_DISPLAY_URL" value="http://localhost:8080/job/JenkinsTest/15/display/redirect"/>
    <property name="POM_VERSION" value="0.0.1-SNAPSHOT"/>
    <property name="TMP" value="C:\WINDOWS\TEMP"/>
    <property name="path.separator" value=";"/>
    <property name="java.vm.version" value="25.171-b11"/>
    <property name="user.variant" value=""/>
    <property name="JOB_DISPLAY_URL" value="http://localhost:8080/job/JenkinsTest/display/redirect"/>
    <property name="CommonProgramFiles(x86)" value="C:\Program Files (x86)\Common Files"/>
    <property name="java.awt.printerjob" value="sun.awt.windows.WPrinterJob"/>
    <property name="JAVA_HOME" value="C:\Program Files\Java\jdk1.8.0_171"/>
    <property name="sun.io.unicode.encoding" value="UnicodeLittle"/>
    <property name="CommonProgramFiles" value="C:\Program Files\Common Files"/>
    <property name="ComSpec" value="C:\WINDOWS\system32\cmd.exe"/>
    <property name="awt.toolkit" value="sun.awt.windows.WToolkit"/>
    <property name="POM_PACKAGING" value="jar"/>
    <property name="SERVICE_ID" value="jenkins"/>
    <property name="COMPUTERNAME" value="DESKTOP-OCA4T00"/>
    <property name="user.script" value=""/>
    <property name="POM_GROUPID" value="MavenDemoProject1"/>
    <property name="user.home" value="C:\WINDOWS\system32\config\systemprofile"/>
    <property name="PUBLIC" value="C:\Users\Public"/>
    <property name="BUILD_TAG" value="jenkins-JenkinsTest-15"/>
    <property name="JENKINS_SERVER_COOKIE" value="af39e14f77a710c5"/>
    <property name="HUDSON_URL" value="http://localhost:8080/"/>
    <property name="ProgramData" value="C:\ProgramData"/>
    <property name="java.specification.vendor" value="Oracle Corporation"/>
    <property name="USERPROFILE" value="C:\WINDOWS\system32\config\systemprofile"/>
    <property name="CLASSPATH" value=""/>
    <property name="java.vendor.url" value="http://java.oracle.com/"/>
    <property name="java.library.path" value="C:\Program Files (x86)\Common Files\Oracle\Java\javapath;C:\WINDOWS\Sun\Java\bin;C:\WINDOWS\system32;C:\WINDOWS;C:\Users\RajS\.jenkins\tools\hudson.tasks.Maven_MavenInstallation\Test_Maven/bin;C:\Program Files (x86)\Common Files\Oracle\Java\javapath;C:\ProgramData\Oracle\Java\javapath;C:\Program Files\Java\jdk1.8.0_171\bin;F:\PrimeProject\PrimeResponse\geckodriver.exe;C:\WINDOWS\system32;C:\WINDOWS;C:\WINDOWS\System32\Wbem;C:\WINDOWS\System32\WindowsPowerShell\v1.0\;C:\Program Files\Microsoft\Web Platform Installer\;C:\Users\RajS\Downloads\php-7.2.5-nts-Win32-VC15-x64 (1);C:\WINDOWS\System32\OpenSSH\;C:\apache-maven-3.5.3\bin;C:\Program Files\Java\jre1.8.0_144\bin;C:\Program Files\Git\cmd;C:\Program Files\Java\bin;C:\WINDOWS\system32\config\systemprofile\AppData\Local\Microsoft\WindowsApps;."/>
    <property name="java.vm.vendor" value="Oracle Corporation"/>
    <property name="APPDATA" value="C:\WINDOWS\system32\config\systemprofile\AppData\Roaming"/>
    <property name="SNC_LIB" value="C:\Program Files (x86)\SAP\FrontEnd\SapGui\Encryption\secgss.dll"/>
    <property name="java.runtime.name" value="Java(TM) SE Runtime Environment"/>
    <property name="maven.home" value="C:\Users\RajS\.jenkins\tools\hudson.tasks.Maven_MavenInstallation\Test_Maven"/>
    <property name="java.class.path" value="C:\Users\RajS\.jenkins\plugins\maven-plugin\WEB-INF\lib\maven35-agent-1.12-alpha-1.jar;C:\Users\RajS\.jenkins\tools\hudson.tasks.Maven_MavenInstallation\Test_Maven\boot\plexus-classworlds-2.5.2.jar;C:\Users\RajS\.jenkins\tools\hudson.tasks.Maven_MavenInstallation\Test_Maven/conf/logging"/>
    <property name="sun.java.command" value="jenkins.maven3.agent.Maven35Main C:\Users\RajS\.jenkins\tools\hudson.tasks.Maven_MavenInstallation\Test_Maven C:\Users\RajS\.jenkins\war\WEB-INF\lib\remoting-3.20.jar C:\Users\RajS\.jenkins\plugins\maven-plugin\WEB-INF\lib\maven35-interceptor-1.12-alpha-1.jar C:\Users\RajS\.jenkins\plugins\maven-plugin\WEB-INF\lib\maven3-interceptor-commons-1.12-alpha-1.jar 51908"/>
    <property name="Path" value="C:\Program Files (x86)\Common Files\Oracle\Java\javapath;C:\ProgramData\Oracle\Java\javapath;C:\Program Files\Java\jdk1.8.0_171\bin;F:\PrimeProject\PrimeResponse\geckodriver.exe;C:\WINDOWS\system32;C:\WINDOWS;C:\WINDOWS\System32\Wbem;C:\WINDOWS\System32\WindowsPowerShell\v1.0\;C:\Program Files\Microsoft\Web Platform Installer\;C:\Users\RajS\Downloads\php-7.2.5-nts-Win32-VC15-x64 (1);C:\WINDOWS\System32\OpenSSH\;C:\apache-maven-3.5.3\bin;C:\Program Files\Java\jre1.8.0_144\bin;C:\Program Files\Git\cmd;C:\Program Files\Java\bin;C:\WINDOWS\system32\config\systemprofile\AppData\Local\Microsoft\WindowsApps"/>
    <property name="java.vm.specification.name" value="Java Virtual Machine Specification"/>
    <property name="PROCESSOR_ARCHITECTURE" value="AMD64"/>
    <property name="PROCESSOR_IDENTIFIER" value="Intel64 Family 6 Model 61 Stepping 4, GenuineIntel"/>
    <property name="java.vm.specification.version" value="1.8"/>
    <property name="sun.os.patch.level" value=""/>
    <property name="sun.cpu.endian" value="little"/>
    <property name="M2_HOME" value="C:\Users\RajS\.jenkins\tools\hudson.tasks.Maven_MavenInstallation\Test_Maven"/>
    <property name="java.io.tmpdir" value="C:\WINDOWS\TEMP\"/>
    <property name="OS" value="Windows_NT"/>
    <property name="HUDSON_HOME" value="C:\Users\RajS\.jenkins"/>
    <property name="PATH+MAVEN" value="C:\Users\RajS\.jenkins\tools\hudson.tasks.Maven_MavenInstallation\Test_Maven/bin"/>
    <property name="ProgramFiles(x86)" value="C:\Program Files (x86)"/>
    <property name="BUILD_URL" value="http://localhost:8080/job/JenkinsTest/15/"/>
    <property name="java.vendor.url.bug" value="http://bugreport.sun.com/bugreport/"/>
    <property name="java.awt.graphicsenv" value="sun.awt.Win32GraphicsEnvironment"/>
    <property name="os.arch" value="amd64"/>
    <property name="SystemRoot" value="C:\WINDOWS"/>
    <property name="java.ext.dirs" value="C:\Program Files\Java\jre1.8.0_171\lib\ext;C:\WINDOWS\Sun\Java\lib\ext"/>
    <property name="user.dir" value="F:\PrimeProject\PrimeWorkspace\MavenDemoProject1"/>
    <property name="JOB_URL" value="http://localhost:8080/job/JenkinsTest/"/>
    <property name="USERDOMAIN" value="WORKGROUP"/>
    <property name="line.separator" value="&#10;"/>
    <property name="MAVEN_HOME" value="C:\Users\RajS\.jenkins\tools\hudson.tasks.Maven_MavenInstallation\Test_Maven"/>
    <property name="java.vm.name" value="Java HotSpot(TM) 64-Bit Server VM"/>
    <property name="BUILD_NUMBER" value="15"/>
    <property name="BASE" value="C:\Users\RajS\.jenkins"/>
    <property name="JENKINS_URL" value="http://localhost:8080/"/>
    <property name="PROCESSOR_REVISION" value="3d04"/>
    <property name="ProgramW6432" value="C:\Program Files"/>
    <property name="windir" value="C:\WINDOWS"/>
    <property name="file.encoding" value="Cp1252"/>
    <property name="SystemDrive" value="C:"/>
    <property name="maven3.interceptor" value="C:\Users\RajS\.jenkins\plugins\maven-plugin\WEB-INF\lib\maven35-interceptor-1.12-alpha-1.jar"/>
    <property name="WORKSPACE" value="C:\Users\RajS\.jenkins\workspace\JenkinsTest"/>
    <property name="maven3.interceptor.common" value="C:\Users\RajS\.jenkins\plugins\maven-plugin\WEB-INF\lib\maven3-interceptor-commons-1.12-alpha-1.jar"/>
    <property name="WINSW_EXECUTABLE" value="C:\Users\RajS\.jenkins\jenkins.exe"/>
    <property name="java.specification.version" value="1.8"/>
    <property name="PSModulePath" value="C:\Program Files\WindowsPowerShell\Modules;C:\WINDOWS\system32\WindowsPowerShell\v1.0\Modules"/>
    <property name="DriverData" value="C:\Windows\System32\Drivers\DriverData"/>
  </properties>
  <testcase name="div" classname="com.qa.test.TestFirstProject" time="0.016"/>
  <testcase name="mul" classname="com.qa.test.TestFirstProject" time="0"/>
  <testcase name="sub" classname="com.qa.test.TestFirstProject" time="0"/>
  <testcase name="sum" classname="com.qa.test.TestFirstProject" time="0"/>
  <testcase name="div" classname="com.qa.test.TestFourthProgram" time="0"/>
  <testcase name="mul" classname="com.qa.test.TestFourthProgram" time="0.015"/>
  <testcase name="sub" classname="com.qa.test.TestFourthProgram" time="0"/>
  <testcase name="sum" classname="com.qa.test.TestFourthProgram" time="0"/>
  <testcase name="div" classname="com.qa.test.TestSecondProg" time="0"/>
  <testcase name="mul" classname="com.qa.test.TestSecondProg" time="0"/>
  <testcase name="sub" classname="com.qa.test.TestSecondProg" time="0"/>
  <testcase name="sum" classname="com.qa.test.TestSecondProg" time="0"/>
  <testcase name="div" classname="com.qa.test.TestThirdProgram" time="0"/>
  <testcase name="mul" classname="com.qa.test.TestThirdProgram" time="0"/>
  <testcase name="sub" classname="com.qa.test.TestThirdProgram" time="0"/>
  <testcase name="sum" classname="com.qa.test.TestThirdProgram" time="0"/>
</testsuite>