<?xml version="1.0" encoding="UTF-8"?>
<!-- Generated by org.testng.reporters.JUnitReportReporter -->
<testsuite hostname="DESKTOP-OCA4T00" name="com.qa.test.TestFirstProject" tests="4" failures="0" timestamp="3 Jun 2018 03:56:36 GMT" time="0.020" errors="0">
  <testcase name="sum" time="0.001" classname="com.qa.test.TestFirstProject"/>
  <testcase name="mul" time="0.002" classname="com.qa.test.TestFirstProject"/>
  <testcase name="sub" time="0.001" classname="com.qa.test.TestFirstProject"/>
  <testcase name="div" time="0.016" classname="com.qa.test.TestFirstProject"/>
</testsuite> <!-- com.qa.test.TestFirstProject -->
