<?xml version="1.0" encoding="UTF-8"?>
<!-- Generated by org.testng.reporters.JUnitReportReporter -->
<testsuite hostname="DESKTOP-OCA4T00" name="com.qa.test.HierarchicalInheritance" tests="1" failures="0" timestamp="7 Jun 2018 11:24:27 GMT" time="0.000" errors="0">
  <testcase name="main" time="0.000" classname="com.qa.test.HierarchicalInheritance"/>
</testsuite> <!-- com.qa.test.HierarchicalInheritance -->
