<?xml version="1.0" encoding="UTF-8"?>
<!-- Generated by org.testng.reporters.JUnitReportReporter -->
<testsuite hostname="DESKTOP-OCA4T00" name="com.qa.test.TestSecondProg" tests="4" failures="0" timestamp="6 Jun 2018 04:36:35 GMT" time="0.000" errors="0">
  <testcase name="sub" time="0.000" classname="com.qa.test.TestSecondProg"/>
  <testcase name="mul" time="0.000" classname="com.qa.test.TestSecondProg"/>
  <testcase name="sum" time="0.000" classname="com.qa.test.TestSecondProg"/>
  <testcase name="div" time="0.000" classname="com.qa.test.TestSecondProg"/>
</testsuite> <!-- com.qa.test.TestSecondProg -->
