<?xml version="1.0" encoding="UTF-8"?>
<!-- Generated by org.testng.reporters.JUnitReportReporter -->
<testsuite hostname="DESKTOP-OCA4T00" failures="0" tests="4" name="com.qa.test.TestSecondProg" time="0.007" errors="0" timestamp="31 May 2018 15:47:39 GMT">
  <testcase classname="com.qa.test.TestSecondProg" name="sum" time="0.000"/>
  <testcase classname="com.qa.test.TestSecondProg" name="mul" time="0.001"/>
  <testcase classname="com.qa.test.TestSecondProg" name="div" time="0.000"/>
  <testcase classname="com.qa.test.TestSecondProg" name="sub" time="0.006"/>
</testsuite> <!-- com.qa.test.TestSecondProg -->
