<?xml version="1.0" encoding="UTF-8"?>
<!-- Generated by org.testng.reporters.JUnitReportReporter -->
<testsuite hostname="DESKTOP-OCA4T00" name="com.qa.test.TestFourthProgram" tests="4" failures="0" timestamp="7 Jun 2018 11:24:13 GMT" time="0.002" errors="0">
  <testcase name="sub" time="0.000" classname="com.qa.test.TestFourthProgram"/>
  <testcase name="mul" time="0.002" classname="com.qa.test.TestFourthProgram"/>
  <testcase name="sum" time="0.000" classname="com.qa.test.TestFourthProgram"/>
  <testcase name="div" time="0.000" classname="com.qa.test.TestFourthProgram"/>
</testsuite> <!-- com.qa.test.TestFourthProgram -->
